<?xml version="1.0" encoding="UTF-8"?>
<testng-results skipped="1" failed="0" ignored="0" total="1" passed="0">
  <reporter-output>
  </reporter-output>
  <suite name="Default suite" duration-ms="75" started-at="2019-06-11T08:11:59Z" finished-at="2019-06-11T08:11:59Z">
    <groups>
    </groups>
    <test name="Default test" duration-ms="75" started-at="2019-06-11T08:11:59Z" finished-at="2019-06-11T08:11:59Z">
      <class name="com.pfl.automation.org62.testcases.TS17_Verify_Do_Not_Swag">
        <test-method status="FAIL" signature="setUp()[pri:0, instance:com.pfl.automation.org62.testcases.TS17_Verify_Do_Not_Swag@31304f14]" name="setUp" is-config="true" duration-ms="15" started-at="2019-06-11T08:11:59Z" finished-at="2019-06-11T08:11:59Z">
          <exception class="java.lang.NullPointerException">
            <full-stacktrace>
              <![CDATA[java.lang.NullPointerException
at com.pfl.automation.base.BaseTest.setUp(BaseTest.java:119)
at sun.reflect.NativeMethodAccessorImpl.invoke0(Native Method)
at sun.reflect.NativeMethodAccessorImpl.invoke(Unknown Source)
at sun.reflect.DelegatingMethodAccessorImpl.invoke(Unknown Source)
at java.lang.reflect.Method.invoke(Unknown Source)
at org.testng.internal.MethodInvocationHelper.invokeMethod(MethodInvocationHelper.java:124)
at org.testng.internal.MethodInvocationHelper.invokeMethodConsideringTimeout(MethodInvocationHelper.java:59)
at org.testng.internal.Invoker.invokeConfigurationMethod(Invoker.java:458)
at org.testng.internal.Invoker.invokeConfigurations(Invoker.java:222)
at org.testng.internal.Invoker.invokeConfigurations(Invoker.java:142)
at org.testng.TestRunner.beforeRun(TestRunner.java:529)
at org.testng.TestRunner.run(TestRunner.java:497)
at org.testng.SuiteRunner.runTest(SuiteRunner.java:455)
at org.testng.SuiteRunner.runSequentially(SuiteRunner.java:450)
at org.testng.SuiteRunner.privateRun(SuiteRunner.java:415)
at org.testng.SuiteRunner.run(SuiteRunner.java:364)
at org.testng.SuiteRunnerWorker.runSuite(SuiteRunnerWorker.java:52)
at org.testng.SuiteRunnerWorker.run(SuiteRunnerWorker.java:84)
at org.testng.TestNG.runSuitesSequentially(TestNG.java:1208)
at org.testng.TestNG.runSuitesLocally(TestNG.java:1137)
at org.testng.TestNG.runSuites(TestNG.java:1049)
at org.testng.TestNG.run(TestNG.java:1017)
at org.testng.remote.AbstractRemoteTestNG.run(AbstractRemoteTestNG.java:115)
at org.testng.remote.RemoteTestNG.initAndRun(RemoteTestNG.java:251)
at org.testng.remote.RemoteTestNG.main(RemoteTestNG.java:77)
]]>
            </full-stacktrace>
          </exception> <!-- java.lang.NullPointerException -->
          <reporter-output>
          </reporter-output>
        </test-method> <!-- setUp -->
        <test-method status="SKIP" signature="LogIn(org.testng.ITestResult)[pri:0, instance:com.pfl.automation.org62.testcases.TS17_Verify_Do_Not_Swag@31304f14]" name="LogIn" is-config="true" duration-ms="0" started-at="2019-06-11T08:11:59Z" finished-at="2019-06-11T08:11:59Z">
          <reporter-output>
          </reporter-output>
        </test-method> <!-- LogIn -->
        <test-method status="SKIP" signature="TC17_01_Verify_User_not_able_Send_Swag_Do_Not_Swag_field_enabled_for_Contact()[pri:0, instance:com.pfl.automation.org62.testcases.TS17_Verify_Do_Not_Swag@31304f14]" name="TC17_01_Verify_User_not_able_Send_Swag_Do_Not_Swag_field_enabled_for_Contact" duration-ms="0" started-at="2019-06-11T08:11:59Z" finished-at="2019-06-11T08:11:59Z">
          <exception class="java.lang.NullPointerException">
            <full-stacktrace>
              <![CDATA[java.lang.NullPointerException
at com.pfl.automation.base.BaseTest.setUp(BaseTest.java:119)
at sun.reflect.NativeMethodAccessorImpl.invoke0(Native Method)
at sun.reflect.NativeMethodAccessorImpl.invoke(Unknown Source)
at sun.reflect.DelegatingMethodAccessorImpl.invoke(Unknown Source)
at java.lang.reflect.Method.invoke(Unknown Source)
at org.testng.internal.MethodInvocationHelper.invokeMethod(MethodInvocationHelper.java:124)
at org.testng.internal.MethodInvocationHelper.invokeMethodConsideringTimeout(MethodInvocationHelper.java:59)
at org.testng.internal.Invoker.invokeConfigurationMethod(Invoker.java:458)
at org.testng.internal.Invoker.invokeConfigurations(Invoker.java:222)
at org.testng.internal.Invoker.invokeConfigurations(Invoker.java:142)
at org.testng.TestRunner.beforeRun(TestRunner.java:529)
at org.testng.TestRunner.run(TestRunner.java:497)
at org.testng.SuiteRunner.runTest(SuiteRunner.java:455)
at org.testng.SuiteRunner.runSequentially(SuiteRunner.java:450)
at org.testng.SuiteRunner.privateRun(SuiteRunner.java:415)
at org.testng.SuiteRunner.run(SuiteRunner.java:364)
at org.testng.SuiteRunnerWorker.runSuite(SuiteRunnerWorker.java:52)
at org.testng.SuiteRunnerWorker.run(SuiteRunnerWorker.java:84)
at org.testng.TestNG.runSuitesSequentially(TestNG.java:1208)
at org.testng.TestNG.runSuitesLocally(TestNG.java:1137)
at org.testng.TestNG.runSuites(TestNG.java:1049)
at org.testng.TestNG.run(TestNG.java:1017)
at org.testng.remote.AbstractRemoteTestNG.run(AbstractRemoteTestNG.java:115)
at org.testng.remote.RemoteTestNG.initAndRun(RemoteTestNG.java:251)
at org.testng.remote.RemoteTestNG.main(RemoteTestNG.java:77)
]]>
            </full-stacktrace>
          </exception> <!-- java.lang.NullPointerException -->
          <reporter-output>
          </reporter-output>
        </test-method> <!-- TC17_01_Verify_User_not_able_Send_Swag_Do_Not_Swag_field_enabled_for_Contact -->
        <test-method status="SKIP" signature="Logout(org.testng.ITestResult)[pri:0, instance:com.pfl.automation.org62.testcases.TS17_Verify_Do_Not_Swag@31304f14]" name="Logout" is-config="true" duration-ms="0" started-at="2019-06-11T08:11:59Z" finished-at="2019-06-11T08:11:59Z">
          <reporter-output>
          </reporter-output>
        </test-method> <!-- Logout -->
        <test-method status="SKIP" signature="tearDown()[pri:0, instance:com.pfl.automation.org62.testcases.TS17_Verify_Do_Not_Swag@31304f14]" name="tearDown" is-config="true" duration-ms="0" started-at="2019-06-11T08:11:59Z" finished-at="2019-06-11T08:11:59Z">
          <reporter-output>
          </reporter-output>
        </test-method> <!-- tearDown -->
      </class> <!-- com.pfl.automation.org62.testcases.TS17_Verify_Do_Not_Swag -->
    </test> <!-- Default test -->
  </suite> <!-- Default suite -->
</testng-results>
